[2021-09-20 19:38:43] local.ERROR: Command "make:auth" is not defined.

Did you mean one of these?
    make:channel
    make:command
    make:controller
    make:event
    make:exception
    make:factory
    make:job
    make:listener
    make:mail
    make:middleware
    make:migration
    make:model
    make:notification
    make:observer
    make:policy
    make:provider
    make:request
    make:resource
    make:rule
    make:seeder
    make:test {"exception":"[object] (Symfony\\Component\\Console\\Exception\\CommandNotFoundException(code: 0): Command \"make:auth\" is not defined.

Did you mean one of these?
    make:channel
    make:command
    make:controller
    make:event
    make:exception
    make:factory
    make:job
    make:listener
    make:mail
    make:middleware
    make:migration
    make:model
    make:notification
    make:observer
    make:policy
    make:provider
    make:request
    make:resource
    make:rule
    make:seeder
    make:test at /home/bjit/BJIT/Domain_Specific_Training/Week07/basic_blog/vendor/symfony/console/Application.php:676)
[stacktrace]
#0 /home/bjit/BJIT/Domain_Specific_Training/Week07/basic_blog/vendor/symfony/console/Application.php(237): Symfony\\Component\\Console\\Application->find()
#1 /home/bjit/BJIT/Domain_Specific_Training/Week07/basic_blog/vendor/symfony/console/Application.php(149): Symfony\\Component\\Console\\Application->doRun()
#2 /home/bjit/BJIT/Domain_Specific_Training/Week07/basic_blog/vendor/laravel/framework/src/Illuminate/Console/Application.php(93): Symfony\\Component\\Console\\Application->run()
#3 /home/bjit/BJIT/Domain_Specific_Training/Week07/basic_blog/vendor/laravel/framework/src/Illuminate/Foundation/Console/Kernel.php(131): Illuminate\\Console\\Application->run()
#4 /home/bjit/BJIT/Domain_Specific_Training/Week07/basic_blog/artisan(37): Illuminate\\Foundation\\Console\\Kernel->handle()
#5 {main}
"} 
[2021-09-20 20:27:56] local.ERROR: View [studentslist] not found. (View: /home/bjit/BJIT/Domain_Specific_Training/Week07/basic_blog/resources/views/student.blade.php) {"exception":"[object] (Facade\\Ignition\\Exceptions\\ViewException(code: 0): View [studentslist] not found. (View: /home/bjit/BJIT/Domain_Specific_Training/Week07/basic_blog/resources/views/student.blade.php) at /home/bjit/BJIT/Domain_Specific_Training/Week07/basic_blog/vendor/laravel/framework/src/Illuminate/View/FileViewFinder.php:137)
[stacktrace]
#0 /home/bjit/BJIT/Domain_Specific_Training/Week07/basic_blog/vendor/laravel/framework/src/Illuminate/View/FileViewFinder.php(79): Illuminate\\View\\FileViewFinder->findInPaths()
#1 /home/bjit/BJIT/Domain_Specific_Training/Week07/basic_blog/vendor/laravel/framework/src/Illuminate/View/Factory.php(131): Illuminate\\View\\FileViewFinder->find()
#2 /home/bjit/BJIT/Domain_Specific_Training/Week07/basic_blog/resources/views/student.blade.php(30): Illuminate\\View\\Factory->make()
#3 /home/bjit/BJIT/Domain_Specific_Training/Week07/basic_blog/vendor/laravel/framework/src/Illuminate/View/Engines/PhpEngine.php(43): include('...')
#4 /home/bjit/BJIT/Domain_Specific_Training/Week07/basic_blog/vendor/laravel/framework/src/Illuminate/View/Engines/CompilerEngine.php(59): Illuminate\\View\\Engines\\PhpEngine->evaluatePath()
#5 /home/bjit/BJIT/Domain_Specific_Training/Week07/basic_blog/vendor/facade/ignition/src/Views/Engines/CompilerEngine.php(36): Illuminate\\View\\Engines\\CompilerEngine->get()
#6 /home/bjit/BJIT/Domain_Specific_Training/Week07/basic_blog/vendor/laravel/framework/src/Illuminate/View/View.php(143): Facade\\Ignition\\Views\\Engines\\CompilerEngine->get()
#7 /home/bjit/BJIT/Domain_Specific_Training/Week07/basic_blog/vendor/laravel/framework/src/Illuminate/View/View.php(126): Illuminate\\View\\View->getContents()
#8 /home/bjit/BJIT/Domain_Specific_Training/Week07/basic_blog/vendor/laravel/framework/src/Illuminate/View/View.php(91): Illuminate\\View\\View->renderContents()
#9 /home/bjit/BJIT/Domain_Specific_Training/Week07/basic_blog/vendor/laravel/framework/src/Illuminate/Http/Response.php(42): Illuminate\\View\\View->render()
#10 /home/bjit/BJIT/Domain_Specific_Training/Week07/basic_blog/vendor/symfony/http-foundation/Response.php(205): Illuminate\\Http\\Response->setContent()
#11 /home/bjit/BJIT/Domain_Specific_Training/Week07/basic_blog/vendor/laravel/framework/src/Illuminate/Routing/Router.php(749): Symfony\\Component\\HttpFoundation\\Response->__construct()
#12 /home/bjit/BJIT/Domain_Specific_Training/Week07/basic_blog/vendor/laravel/framework/src/Illuminate/Routing/Router.php(721): Illuminate\\Routing\\Router::toResponse()
#13 /home/bjit/BJIT/Domain_Specific_Training/Week07/basic_blog/vendor/laravel/framework/src/Illuminate/Routing/Router.php(681): Illuminate\\Routing\\Router->prepareResponse()
#14 /home/bjit/BJIT/Domain_Specific_Training/Week07/basic_blog/vendor/laravel/framework/src/Illuminate/Pipeline/Pipeline.php(130): Illuminate\\Routing\\Router->Illuminate\\Routing\\{closure}()
#15 /home/bjit/BJIT/Domain_Specific_Training/Week07/basic_blog/vendor/laravel/framework/src/Illuminate/Routing/Middleware/SubstituteBindings.php(41): Illuminate\\Pipeline\\Pipeline->Illuminate\\Pipeline\\{closure}()
#16 /home/bjit/BJIT/Domain_Specific_Training/Week07/basic_blog/vendor/laravel/framework/src/Illuminate/Pipeline/Pipeline.php(171): Illuminate\\Routing\\Middleware\\SubstituteBindings->handle()
#17 /home/bjit/BJIT/Domain_Specific_Training/Week07/basic_blog/vendor/laravel/framework/src/Illuminate/Foundation/Http/Middleware/VerifyCsrfToken.php(78): Illuminate\\Pipeline\\Pipeline->Illuminate\\Pipeline\\{closure}()
#18 /home/bjit/BJIT/Domain_Specific_Training/Week07/basic_blog/vendor/laravel/framework/src/Illuminate/Pipeline/Pipeline.php(171): Illuminate\\Foundation\\Http\\Middleware\\VerifyCsrfToken->handle()
#19 /home/bjit/BJIT/Domain_Specific_Training/Week07/basic_blog/vendor/laravel/framework/src/Illuminate/View/Middleware/ShareErrorsFromSession.php(49): Illuminate\\Pipeline\\Pipeline->Illuminate\\Pipeline\\{closure}()
#20 /home/bjit/BJIT/Domain_Specific_Training/Week07/basic_blog/vendor/laravel/framework/src/Illuminate/Pipeline/Pipeline.php(171): Illuminate\\View\\Middleware\\ShareErrorsFromSession->handle()
#21 /home/bjit/BJIT/Domain_Specific_Training/Week07/basic_blog/vendor/laravel/framework/src/Illuminate/Session/Middleware/StartSession.php(56): Illuminate\\Pipeline\\Pipeline->Illuminate\\Pipeline\\{closure}()
#22 /home/bjit/BJIT/Domain_Specific_Training/Week07/basic_blog/vendor/laravel/framework/src/Illuminate/Pipeline/Pipeline.php(171): Illuminate\\Session\\Middleware\\StartSession->handle()
#23 /home/bjit/BJIT/Domain_Specific_Training/Week07/basic_blog/vendor/laravel/framework/src/Illuminate/Cookie/Middleware/AddQueuedCookiesToResponse.php(37): Illuminate\\Pipeline\\Pipeline->Illuminate\\Pipeline\\{closure}()
#24 /home/bjit/BJIT/Domain_Specific_Training/Week07/basic_blog/vendor/laravel/framework/src/Illuminate/Pipeline/Pipeline.php(171): Illuminate\\Cookie\\Middleware\\AddQueuedCookiesToResponse->handle()
#25 /home/bjit/BJIT/Domain_Specific_Training/Week07/basic_blog/vendor/laravel/framework/src/Illuminate/Cookie/Middleware/EncryptCookies.php(67): Illuminate\\Pipeline\\Pipeline->Illuminate\\Pipeline\\{closure}()
#26 /home/bjit/BJIT/Domain_Specific_Training/Week07/basic_blog/vendor/laravel/framework/src/Illuminate/Pipeline/Pipeline.php(171): Illuminate\\Cookie\\Middleware\\EncryptCookies->handle()
#27 /home/bjit/BJIT/Domain_Specific_Training/Week07/basic_blog/vendor/laravel/framework/src/Illuminate/Pipeline/Pipeline.php(105): Illuminate\\Pipeline\\Pipeline->Illuminate\\Pipeline\\{closure}()
#28 /home/bjit/BJIT/Domain_Specific_Training/Week07/basic_blog/vendor/laravel/framework/src/Illuminate/Routing/Router.php(683): Illuminate\\Pipeline\\Pipeline->then()
#29 /home/bjit/BJIT/Domain_Specific_Training/Week07/basic_blog/vendor/laravel/framework/src/Illuminate/Routing/Router.php(658): Illuminate\\Routing\\Router->runRouteWithinStack()
#30 /home/bjit/BJIT/Domain_Specific_Training/Week07/basic_blog/vendor/laravel/framework/src/Illuminate/Routing/Router.php(624): Illuminate\\Routing\\Router->runRoute()
#31 /home/bjit/BJIT/Domain_Specific_Training/Week07/basic_blog/vendor/laravel/framework/src/Illuminate/Routing/Router.php(613): Illuminate\\Routing\\Router->dispatchToRoute()
#32 /home/bjit/BJIT/Domain_Specific_Training/Week07/basic_blog/vendor/laravel/framework/src/Illuminate/Foundation/Http/Kernel.php(170): Illuminate\\Routing\\Router->dispatch()
#33 /home/bjit/BJIT/Domain_Specific_Training/Week07/basic_blog/vendor/laravel/framework/src/Illuminate/Pipeline/Pipeline.php(130): Illuminate\\Foundation\\Http\\Kernel->Illuminate\\Foundation\\Http\\{closure}()
#34 /home/bjit/BJIT/Domain_Specific_Training/Week07/basic_blog/vendor/laravel/framework/src/Illuminate/Foundation/Http/Middleware/TransformsRequest.php(21): Illuminate\\Pipeline\\Pipeline->Illuminate\\Pipeline\\{closure}()
#35 /home/bjit/BJIT/Domain_Specific_Training/Week07/basic_blog/vendor/laravel/framework/src/Illuminate/Pipeline/Pipeline.php(171): Illuminate\\Foundation\\Http\\Middleware\\TransformsRequest->handle()
#36 /home/bjit/BJIT/Domain_Specific_Training/Week07/basic_blog/vendor/laravel/framework/src/Illuminate/Foundation/Http/Middleware/TransformsRequest.php(21): Illuminate\\Pipeline\\Pipeline->Illuminate\\Pipeline\\{closure}()
#37 /home/bjit/BJIT/Domain_Specific_Training/Week07/basic_blog/vendor/laravel/framework/src/Illuminate/Pipeline/Pipeline.php(171): Illuminate\\Foundation\\Http\\Middleware\\TransformsRequest->handle()
#38 /home/bjit/BJIT/Domain_Specific_Training/Week07/basic_blog/vendor/laravel/framework/src/Illuminate/Foundation/Http/Middleware/ValidatePostSize.php(27): Illuminate\\Pipeline\\Pipeline->Illuminate\\Pipeline\\{closure}()
#39 /home/bjit/BJIT/Domain_Specific_Training/Week07/basic_blog/vendor/laravel/framework/src/Illuminate/Pipeline/Pipeline.php(171): Illuminate\\Foundation\\Http\\Middleware\\ValidatePostSize->handle()
#40 /home/bjit/BJIT/Domain_Specific_Training/Week07/basic_blog/vendor/laravel/framework/src/Illuminate/Foundation/Http/Middleware/CheckForMaintenanceMode.php(63): Illuminate\\Pipeline\\Pipeline->Illuminate\\Pipeline\\{closure}()
#41 /home/bjit/BJIT/Domain_Specific_Training/Week07/basic_blog/vendor/laravel/framework/src/Illuminate/Pipeline/Pipeline.php(171): Illuminate\\Foundation\\Http\\Middleware\\CheckForMaintenanceMode->handle()
#42 /home/bjit/BJIT/Domain_Specific_Training/Week07/basic_blog/vendor/fideloper/proxy/src/TrustProxies.php(57): Illuminate\\Pipeline\\Pipeline->Illuminate\\Pipeline\\{closure}()
#43 /home/bjit/BJIT/Domain_Specific_Training/Week07/basic_blog/vendor/laravel/framework/src/Illuminate/Pipeline/Pipeline.php(171): Fideloper\\Proxy\\TrustProxies->handle()
#44 /home/bjit/BJIT/Domain_Specific_Training/Week07/basic_blog/vendor/laravel/framework/src/Illuminate/Pipeline/Pipeline.php(105): Illuminate\\Pipeline\\Pipeline->Illuminate\\Pipeline\\{closure}()
#45 /home/bjit/BJIT/Domain_Specific_Training/Week07/basic_blog/vendor/laravel/framework/src/Illuminate/Foundation/Http/Kernel.php(145): Illuminate\\Pipeline\\Pipeline->then()
#46 /home/bjit/BJIT/Domain_Specific_Training/Week07/basic_blog/vendor/laravel/framework/src/Illuminate/Foundation/Http/Kernel.php(110): Illuminate\\Foundation\\Http\\Kernel->sendRequestThroughRouter()
#47 /home/bjit/BJIT/Domain_Specific_Training/Week07/basic_blog/public/index.php(55): Illuminate\\Foundation\\Http\\Kernel->handle()
#48 /home/bjit/BJIT/Domain_Specific_Training/Week07/basic_blog/server.php(21): require_once('...')
#49 {main}

[previous exception] [object] (InvalidArgumentException(code: 0): View [studentslist] not found. at /home/bjit/BJIT/Domain_Specific_Training/Week07/basic_blog/vendor/laravel/framework/src/Illuminate/View/FileViewFinder.php:137)
[stacktrace]
#0 /home/bjit/BJIT/Domain_Specific_Training/Week07/basic_blog/vendor/laravel/framework/src/Illuminate/View/FileViewFinder.php(79): Illuminate\\View\\FileViewFinder->findInPaths()
#1 /home/bjit/BJIT/Domain_Specific_Training/Week07/basic_blog/vendor/laravel/framework/src/Illuminate/View/Factory.php(131): Illuminate\\View\\FileViewFinder->find()
#2 /home/bjit/BJIT/Domain_Specific_Training/Week07/basic_blog/storage/framework/views/bc390a63319f35d2d05277653ea17705b534b98c.php(30): Illuminate\\View\\Factory->make()
#3 /home/bjit/BJIT/Domain_Specific_Training/Week07/basic_blog/vendor/laravel/framework/src/Illuminate/View/Engines/PhpEngine.php(43): include('...')
#4 /home/bjit/BJIT/Domain_Specific_Training/Week07/basic_blog/vendor/laravel/framework/src/Illuminate/View/Engines/CompilerEngine.php(59): Illuminate\\View\\Engines\\PhpEngine->evaluatePath()
#5 /home/bjit/BJIT/Domain_Specific_Training/Week07/basic_blog/vendor/facade/ignition/src/Views/Engines/CompilerEngine.php(36): Illuminate\\View\\Engines\\CompilerEngine->get()
#6 /home/bjit/BJIT/Domain_Specific_Training/Week07/basic_blog/vendor/laravel/framework/src/Illuminate/View/View.php(143): Facade\\Ignition\\Views\\Engines\\CompilerEngine->get()
#7 /home/bjit/BJIT/Domain_Specific_Training/Week07/basic_blog/vendor/laravel/framework/src/Illuminate/View/View.php(126): Illuminate\\View\\View->getContents()
#8 /home/bjit/BJIT/Domain_Specific_Training/Week07/basic_blog/vendor/laravel/framework/src/Illuminate/View/View.php(91): Illuminate\\View\\View->renderContents()
#9 /home/bjit/BJIT/Domain_Specific_Training/Week07/basic_blog/vendor/laravel/framework/src/Illuminate/Http/Response.php(42): Illuminate\\View\\View->render()
#10 /home/bjit/BJIT/Domain_Specific_Training/Week07/basic_blog/vendor/symfony/http-foundation/Response.php(205): Illuminate\\Http\\Response->setContent()
#11 /home/bjit/BJIT/Domain_Specific_Training/Week07/basic_blog/vendor/laravel/framework/src/Illuminate/Routing/Router.php(749): Symfony\\Component\\HttpFoundation\\Response->__construct()
#12 /home/bjit/BJIT/Domain_Specific_Training/Week07/basic_blog/vendor/laravel/framework/src/Illuminate/Routing/Router.php(721): Illuminate\\Routing\\Router::toResponse()
#13 /home/bjit/BJIT/Domain_Specific_Training/Week07/basic_blog/vendor/laravel/framework/src/Illuminate/Routing/Router.php(681): Illuminate\\Routing\\Router->prepareResponse()
#14 /home/bjit/BJIT/Domain_Specific_Training/Week07/basic_blog/vendor/laravel/framework/src/Illuminate/Pipeline/Pipeline.php(130): Illuminate\\Routing\\Router->Illuminate\\Routing\\{closure}()
#15 /home/bjit/BJIT/Domain_Specific_Training/Week07/basic_blog/vendor/laravel/framework/src/Illuminate/Routing/Middleware/SubstituteBindings.php(41): Illuminate\\Pipeline\\Pipeline->Illuminate\\Pipeline\\{closure}()
#16 /home/bjit/BJIT/Domain_Specific_Training/Week07/basic_blog/vendor/laravel/framework/src/Illuminate/Pipeline/Pipeline.php(171): Illuminate\\Routing\\Middleware\\SubstituteBindings->handle()
#17 /home/bjit/BJIT/Domain_Specific_Training/Week07/basic_blog/vendor/laravel/framework/src/Illuminate/Foundation/Http/Middleware/VerifyCsrfToken.php(78): Illuminate\\Pipeline\\Pipeline->Illuminate\\Pipeline\\{closure}()
#18 /home/bjit/BJIT/Domain_Specific_Training/Week07/basic_blog/vendor/laravel/framework/src/Illuminate/Pipeline/Pipeline.php(171): Illuminate\\Foundation\\Http\\Middleware\\VerifyCsrfToken->handle()
#19 /home/bjit/BJIT/Domain_Specific_Training/Week07/basic_blog/vendor/laravel/framework/src/Illuminate/View/Middleware/ShareErrorsFromSession.php(49): Illuminate\\Pipeline\\Pipeline->Illuminate\\Pipeline\\{closure}()
#20 /home/bjit/BJIT/Domain_Specific_Training/Week07/basic_blog/vendor/laravel/framework/src/Illuminate/Pipeline/Pipeline.php(171): Illuminate\\View\\Middleware\\ShareErrorsFromSession->handle()
#21 /home/bjit/BJIT/Domain_Specific_Training/Week07/basic_blog/vendor/laravel/framework/src/Illuminate/Session/Middleware/StartSession.php(56): Illuminate\\Pipeline\\Pipeline->Illuminate\\Pipeline\\{closure}()
#22 /home/bjit/BJIT/Domain_Specific_Training/Week07/basic_blog/vendor/laravel/framework/src/Illuminate/Pipeline/Pipeline.php(171): Illuminate\\Session\\Middleware\\StartSession->handle()
#23 /home/bjit/BJIT/Domain_Specific_Training/Week07/basic_blog/vendor/laravel/framework/src/Illuminate/Cookie/Middleware/AddQueuedCookiesToResponse.php(37): Illuminate\\Pipeline\\Pipeline->Illuminate\\Pipeline\\{closure}()
#24 /home/bjit/BJIT/Domain_Specific_Training/Week07/basic_blog/vendor/laravel/framework/src/Illuminate/Pipeline/Pipeline.php(171): Illuminate\\Cookie\\Middleware\\AddQueuedCookiesToResponse->handle()
#25 /home/bjit/BJIT/Domain_Specific_Training/Week07/basic_blog/vendor/laravel/framework/src/Illuminate/Cookie/Middleware/EncryptCookies.php(67): Illuminate\\Pipeline\\Pipeline->Illuminate\\Pipeline\\{closure}()
#26 /home/bjit/BJIT/Domain_Specific_Training/Week07/basic_blog/vendor/laravel/framework/src/Illuminate/Pipeline/Pipeline.php(171): Illuminate\\Cookie\\Middleware\\EncryptCookies->handle()
#27 /home/bjit/BJIT/Domain_Specific_Training/Week07/basic_blog/vendor/laravel/framework/src/Illuminate/Pipeline/Pipeline.php(105): Illuminate\\Pipeline\\Pipeline->Illuminate\\Pipeline\\{closure}()
#28 /home/bjit/BJIT/Domain_Specific_Training/Week07/basic_blog/vendor/laravel/framework/src/Illuminate/Routing/Router.php(683): Illuminate\\Pipeline\\Pipeline->then()
#29 /home/bjit/BJIT/Domain_Specific_Training/Week07/basic_blog/vendor/laravel/framework/src/Illuminate/Routing/Router.php(658): Illuminate\\Routing\\Router->runRouteWithinStack()
#30 /home/bjit/BJIT/Domain_Specific_Training/Week07/basic_blog/vendor/laravel/framework/src/Illuminate/Routing/Router.php(624): Illuminate\\Routing\\Router->runRoute()
#31 /home/bjit/BJIT/Domain_Specific_Training/Week07/basic_blog/vendor/laravel/framework/src/Illuminate/Routing/Router.php(613): Illuminate\\Routing\\Router->dispatchToRoute()
#32 /home/bjit/BJIT/Domain_Specific_Training/Week07/basic_blog/vendor/laravel/framework/src/Illuminate/Foundation/Http/Kernel.php(170): Illuminate\\Routing\\Router->dispatch()
#33 /home/bjit/BJIT/Domain_Specific_Training/Week07/basic_blog/vendor/laravel/framework/src/Illuminate/Pipeline/Pipeline.php(130): Illuminate\\Foundation\\Http\\Kernel->Illuminate\\Foundation\\Http\\{closure}()
#34 /home/bjit/BJIT/Domain_Specific_Training/Week07/basic_blog/vendor/laravel/framework/src/Illuminate/Foundation/Http/Middleware/TransformsRequest.php(21): Illuminate\\Pipeline\\Pipeline->Illuminate\\Pipeline\\{closure}()
#35 /home/bjit/BJIT/Domain_Specific_Training/Week07/basic_blog/vendor/laravel/framework/src/Illuminate/Pipeline/Pipeline.php(171): Illuminate\\Foundation\\Http\\Middleware\\TransformsRequest->handle()
#36 /home/bjit/BJIT/Domain_Specific_Training/Week07/basic_blog/vendor/laravel/framework/src/Illuminate/Foundation/Http/Middleware/TransformsRequest.php(21): Illuminate\\Pipeline\\Pipeline->Illuminate\\Pipeline\\{closure}()
#37 /home/bjit/BJIT/Domain_Specific_Training/Week07/basic_blog/vendor/laravel/framework/src/Illuminate/Pipeline/Pipeline.php(171): Illuminate\\Foundation\\Http\\Middleware\\TransformsRequest->handle()
#38 /home/bjit/BJIT/Domain_Specific_Training/Week07/basic_blog/vendor/laravel/framework/src/Illuminate/Foundation/Http/Middleware/ValidatePostSize.php(27): Illuminate\\Pipeline\\Pipeline->Illuminate\\Pipeline\\{closure}()
#39 /home/bjit/BJIT/Domain_Specific_Training/Week07/basic_blog/vendor/laravel/framework/src/Illuminate/Pipeline/Pipeline.php(171): Illuminate\\Foundation\\Http\\Middleware\\ValidatePostSize->handle()
#40 /home/bjit/BJIT/Domain_Specific_Training/Week07/basic_blog/vendor/laravel/framework/src/Illuminate/Foundation/Http/Middleware/CheckForMaintenanceMode.php(63): Illuminate\\Pipeline\\Pipeline->Illuminate\\Pipeline\\{closure}()
#41 /home/bjit/BJIT/Domain_Specific_Training/Week07/basic_blog/vendor/laravel/framework/src/Illuminate/Pipeline/Pipeline.php(171): Illuminate\\Foundation\\Http\\Middleware\\CheckForMaintenanceMode->handle()
#42 /home/bjit/BJIT/Domain_Specific_Training/Week07/basic_blog/vendor/fideloper/proxy/src/TrustProxies.php(57): Illuminate\\Pipeline\\Pipeline->Illuminate\\Pipeline\\{closure}()
#43 /home/bjit/BJIT/Domain_Specific_Training/Week07/basic_blog/vendor/laravel/framework/src/Illuminate/Pipeline/Pipeline.php(171): Fideloper\\Proxy\\TrustProxies->handle()
#44 /home/bjit/BJIT/Domain_Specific_Training/Week07/basic_blog/vendor/laravel/framework/src/Illuminate/Pipeline/Pipeline.php(105): Illuminate\\Pipeline\\Pipeline->Illuminate\\Pipeline\\{closure}()
#45 /home/bjit/BJIT/Domain_Specific_Training/Week07/basic_blog/vendor/laravel/framework/src/Illuminate/Foundation/Http/Kernel.php(145): Illuminate\\Pipeline\\Pipeline->then()
#46 /home/bjit/BJIT/Domain_Specific_Training/Week07/basic_blog/vendor/laravel/framework/src/Illuminate/Foundation/Http/Kernel.php(110): Illuminate\\Foundation\\Http\\Kernel->sendRequestThroughRouter()
#47 /home/bjit/BJIT/Domain_Specific_Training/Week07/basic_blog/public/index.php(55): Illuminate\\Foundation\\Http\\Kernel->handle()
#48 /home/bjit/BJIT/Domain_Specific_Training/Week07/basic_blog/server.php(21): require_once('...')
#49 {main}
"} 
